Analysis & Synthesis report for Processor
Fri Mar 14 10:18:32 2025
Quartus Prime Version 20.1.1 Build 720 11/11/2020 SJ Standard Edition


---------------------
; Table of Contents ;
---------------------
  1. Legal Notice
  2. Analysis & Synthesis Summary
  3. Analysis & Synthesis Settings
  4. Parallel Compilation
  5. Analysis & Synthesis Source Files Read
  6. Analysis & Synthesis Resource Usage Summary
  7. Analysis & Synthesis Resource Utilization by Entity
  8. Registers Removed During Synthesis
  9. General Register Statistics
 10. Post-Synthesis Netlist Statistics for Top Partition
 11. Elapsed Time Per Partition
 12. Analysis & Synthesis Messages



----------------
; Legal Notice ;
----------------
Copyright (C) 2020  Intel Corporation. All rights reserved.
Your use of Intel Corporation's design tools, logic functions 
and other software and tools, and any partner logic 
functions, and any output files from any of the foregoing 
(including device programming or simulation files), and any 
associated documentation or information are expressly subject 
to the terms and conditions of the Intel Program License 
Subscription Agreement, the Intel Quartus Prime License Agreement,
the Intel FPGA IP License Agreement, or other applicable license
agreement, including, without limitation, that your use is for
the sole purpose of programming logic devices manufactured by
Intel and sold by Intel or its authorized distributors.  Please
refer to the applicable agreement for further details, at
https://fpgasoftware.intel.com/eula.



+-----------------------------------------------------------------------------------+
; Analysis & Synthesis Summary                                                      ;
+---------------------------------+-------------------------------------------------+
; Analysis & Synthesis Status     ; Successful - Fri Mar 14 10:18:32 2025           ;
; Quartus Prime Version           ; 20.1.1 Build 720 11/11/2020 SJ Standard Edition ;
; Revision Name                   ; Processor                                       ;
; Top-level Entity Name           ; Processor                                       ;
; Family                          ; Cyclone V                                       ;
; Logic utilization (in ALMs)     ; N/A                                             ;
; Total registers                 ; 992                                             ;
; Total pins                      ; 113                                             ;
; Total virtual pins              ; 0                                               ;
; Total block memory bits         ; 0                                               ;
; Total DSP Blocks                ; 0                                               ;
; Total HSSI RX PCSs              ; 0                                               ;
; Total HSSI PMA RX Deserializers ; 0                                               ;
; Total HSSI TX PCSs              ; 0                                               ;
; Total HSSI PMA TX Serializers   ; 0                                               ;
; Total PLLs                      ; 0                                               ;
; Total DLLs                      ; 0                                               ;
+---------------------------------+-------------------------------------------------+


+---------------------------------------------------------------------------------------------------------------------------+
; Analysis & Synthesis Settings                                                                                             ;
+---------------------------------------------------------------------------------+--------------------+--------------------+
; Option                                                                          ; Setting            ; Default Value      ;
+---------------------------------------------------------------------------------+--------------------+--------------------+
; Device                                                                          ; 5CEBA4F23C7        ;                    ;
; Top-level entity name                                                           ; Processor          ; Processor          ;
; Family name                                                                     ; Cyclone V          ; Cyclone V          ;
; Use smart compilation                                                           ; Off                ; Off                ;
; Enable parallel Assembler and Timing Analyzer during compilation                ; On                 ; On                 ;
; Enable compact report table                                                     ; Off                ; Off                ;
; Restructure Multiplexers                                                        ; Auto               ; Auto               ;
; MLAB Add Timing Constraints For Mixed-Port Feed-Through Mode Setting Don't Care ; Off                ; Off                ;
; Create Debugging Nodes for IP Cores                                             ; Off                ; Off                ;
; Preserve fewer node names                                                       ; On                 ; On                 ;
; Intel FPGA IP Evaluation Mode                                                   ; Enable             ; Enable             ;
; Verilog Version                                                                 ; Verilog_2001       ; Verilog_2001       ;
; VHDL Version                                                                    ; VHDL_1993          ; VHDL_1993          ;
; State Machine Processing                                                        ; Auto               ; Auto               ;
; Safe State Machine                                                              ; Off                ; Off                ;
; Extract Verilog State Machines                                                  ; On                 ; On                 ;
; Extract VHDL State Machines                                                     ; On                 ; On                 ;
; Ignore Verilog initial constructs                                               ; Off                ; Off                ;
; Iteration limit for constant Verilog loops                                      ; 5000               ; 5000               ;
; Iteration limit for non-constant Verilog loops                                  ; 250                ; 250                ;
; Add Pass-Through Logic to Inferred RAMs                                         ; On                 ; On                 ;
; Infer RAMs from Raw Logic                                                       ; On                 ; On                 ;
; Parallel Synthesis                                                              ; On                 ; On                 ;
; DSP Block Balancing                                                             ; Auto               ; Auto               ;
; NOT Gate Push-Back                                                              ; On                 ; On                 ;
; Power-Up Don't Care                                                             ; On                 ; On                 ;
; Remove Redundant Logic Cells                                                    ; Off                ; Off                ;
; Remove Duplicate Registers                                                      ; On                 ; On                 ;
; Ignore CARRY Buffers                                                            ; Off                ; Off                ;
; Ignore CASCADE Buffers                                                          ; Off                ; Off                ;
; Ignore GLOBAL Buffers                                                           ; Off                ; Off                ;
; Ignore ROW GLOBAL Buffers                                                       ; Off                ; Off                ;
; Ignore LCELL Buffers                                                            ; Off                ; Off                ;
; Ignore SOFT Buffers                                                             ; On                 ; On                 ;
; Limit AHDL Integers to 32 Bits                                                  ; Off                ; Off                ;
; Optimization Technique                                                          ; Balanced           ; Balanced           ;
; Carry Chain Length                                                              ; 70                 ; 70                 ;
; Auto Carry Chains                                                               ; On                 ; On                 ;
; Auto Open-Drain Pins                                                            ; On                 ; On                 ;
; Perform WYSIWYG Primitive Resynthesis                                           ; Off                ; Off                ;
; Auto ROM Replacement                                                            ; On                 ; On                 ;
; Auto RAM Replacement                                                            ; On                 ; On                 ;
; Auto DSP Block Replacement                                                      ; On                 ; On                 ;
; Auto Shift Register Replacement                                                 ; Auto               ; Auto               ;
; Allow Shift Register Merging across Hierarchies                                 ; Auto               ; Auto               ;
; Auto Clock Enable Replacement                                                   ; On                 ; On                 ;
; Strict RAM Replacement                                                          ; Off                ; Off                ;
; Allow Synchronous Control Signals                                               ; On                 ; On                 ;
; Force Use of Synchronous Clear Signals                                          ; Off                ; Off                ;
; Auto Resource Sharing                                                           ; Off                ; Off                ;
; Allow Any RAM Size For Recognition                                              ; Off                ; Off                ;
; Allow Any ROM Size For Recognition                                              ; Off                ; Off                ;
; Allow Any Shift Register Size For Recognition                                   ; Off                ; Off                ;
; Use LogicLock Constraints during Resource Balancing                             ; On                 ; On                 ;
; Ignore translate_off and synthesis_off directives                               ; Off                ; Off                ;
; Timing-Driven Synthesis                                                         ; On                 ; On                 ;
; Report Parameter Settings                                                       ; On                 ; On                 ;
; Report Source Assignments                                                       ; On                 ; On                 ;
; Report Connectivity Checks                                                      ; On                 ; On                 ;
; Ignore Maximum Fan-Out Assignments                                              ; Off                ; Off                ;
; Synchronization Register Chain Length                                           ; 3                  ; 3                  ;
; Power Optimization During Synthesis                                             ; Normal compilation ; Normal compilation ;
; HDL message level                                                               ; Level2             ; Level2             ;
; Suppress Register Optimization Related Messages                                 ; Off                ; Off                ;
; Number of Removed Registers Reported in Synthesis Report                        ; 5000               ; 5000               ;
; Number of Swept Nodes Reported in Synthesis Report                              ; 5000               ; 5000               ;
; Number of Inverted Registers Reported in Synthesis Report                       ; 100                ; 100                ;
; Clock MUX Protection                                                            ; On                 ; On                 ;
; Auto Gated Clock Conversion                                                     ; Off                ; Off                ;
; Block Design Naming                                                             ; Auto               ; Auto               ;
; SDC constraint protection                                                       ; Off                ; Off                ;
; Synthesis Effort                                                                ; Auto               ; Auto               ;
; Shift Register Replacement - Allow Asynchronous Clear Signal                    ; On                 ; On                 ;
; Pre-Mapping Resynthesis Optimization                                            ; Off                ; Off                ;
; Analysis & Synthesis Message Level                                              ; Medium             ; Medium             ;
; Disable Register Merging Across Hierarchies                                     ; Auto               ; Auto               ;
; Resource Aware Inference For Block RAM                                          ; On                 ; On                 ;
; Automatic Parallel Synthesis                                                    ; On                 ; On                 ;
; Partial Reconfiguration Bitstream ID                                            ; Off                ; Off                ;
+---------------------------------------------------------------------------------+--------------------+--------------------+


+------------------------------------------+
; Parallel Compilation                     ;
+----------------------------+-------------+
; Processors                 ; Number      ;
+----------------------------+-------------+
; Number detected on machine ; 8           ;
; Maximum allowed            ; 4           ;
;                            ;             ;
; Average used               ; 1.00        ;
; Maximum used               ; 4           ;
;                            ;             ;
; Usage by Processor         ; % Time Used ;
;     Processor 1            ; 100.0%      ;
;     Processor 2            ;   0.0%      ;
;     Processor 3            ;   0.0%      ;
;     Processor 4            ;   0.0%      ;
+----------------------------+-------------+


+-------------------------------------------------------------------------------------------------------------------------------------------------------------------------------------+
; Analysis & Synthesis Source Files Read                                                                                                                                              ;
+----------------------------------+-----------------+------------------------+---------------------------------------------------------------------------------------------+---------+
; File Name with User-Entered Path ; Used in Netlist ; File Type              ; File Name with Absolute Path                                                                ; Library ;
+----------------------------------+-----------------+------------------------+---------------------------------------------------------------------------------------------+---------+
; registerFile.v                   ; yes             ; User Verilog HDL File  ; C:/Users/domondi1/OneDrive - Brown University/Desktop/Single-Cycle-Processor/registerFile.v ;         ;
+----------------------------------+-----------------+------------------------+---------------------------------------------------------------------------------------------+---------+


+---------------------------------------------------------+
; Analysis & Synthesis Resource Usage Summary             ;
+---------------------------------------------+-----------+
; Resource                                    ; Usage     ;
+---------------------------------------------+-----------+
; Estimate of Logic utilization (ALMs needed) ; 1024      ;
;                                             ;           ;
; Combinational ALUT usage for logic          ; 607       ;
;     -- 7 input functions                    ; 448       ;
;     -- 6 input functions                    ; 159       ;
;     -- 5 input functions                    ; 0         ;
;     -- 4 input functions                    ; 0         ;
;     -- <=3 input functions                  ; 0         ;
;                                             ;           ;
; Dedicated logic registers                   ; 992       ;
;                                             ;           ;
; I/O pins                                    ; 113       ;
;                                             ;           ;
; Total DSP Blocks                            ; 0         ;
;                                             ;           ;
; Maximum fan-out node                        ; clk~input ;
; Maximum fan-out                             ; 992       ;
; Total fan-out                               ; 7243      ;
; Average fan-out                             ; 3.97      ;
+---------------------------------------------+-----------+


+----------------------------------------------------------------------------------------------------------------------------------------------------------------------------------------+
; Analysis & Synthesis Resource Utilization by Entity                                                                                                                                    ;
+----------------------------+---------------------+---------------------------+-------------------+------------+------+--------------+---------------------+-------------+--------------+
; Compilation Hierarchy Node ; Combinational ALUTs ; Dedicated Logic Registers ; Block Memory Bits ; DSP Blocks ; Pins ; Virtual Pins ; Full Hierarchy Name ; Entity Name ; Library Name ;
+----------------------------+---------------------+---------------------------+-------------------+------------+------+--------------+---------------------+-------------+--------------+
; |Processor                 ; 607 (607)           ; 992 (992)                 ; 0                 ; 0          ; 113  ; 0            ; |Processor          ; Processor   ; work         ;
+----------------------------+---------------------+---------------------------+-------------------+------------+------+--------------+---------------------+-------------+--------------+
Note: For table entries with two numbers listed, the numbers in parentheses indicate the number of resources of the given type used by the specific entity alone. The numbers listed outside of parentheses indicate the total resources of the given type used by the specific entity and all of its sub-entities in the hierarchy.


+--------------------------------------------------------------------------------------+
; Registers Removed During Synthesis                                                   ;
+----------------------------------------+---------------------------------------------+
; Register name                          ; Reason for Removal                          ;
+----------------------------------------+---------------------------------------------+
; RF~0                                   ; Stuck at GND due to stuck port clock_enable ;
; RF~1                                   ; Stuck at GND due to stuck port clock_enable ;
; RF~2                                   ; Stuck at GND due to stuck port clock_enable ;
; RF~3                                   ; Stuck at GND due to stuck port clock_enable ;
; RF~4                                   ; Stuck at GND due to stuck port clock_enable ;
; RF~5                                   ; Stuck at GND due to stuck port clock_enable ;
; RF~6                                   ; Stuck at GND due to stuck port clock_enable ;
; RF~7                                   ; Stuck at GND due to stuck port clock_enable ;
; RF~8                                   ; Stuck at GND due to stuck port clock_enable ;
; RF~9                                   ; Stuck at GND due to stuck port clock_enable ;
; RF~10                                  ; Stuck at GND due to stuck port clock_enable ;
; RF~11                                  ; Stuck at GND due to stuck port clock_enable ;
; RF~12                                  ; Stuck at GND due to stuck port clock_enable ;
; RF~13                                  ; Stuck at GND due to stuck port clock_enable ;
; RF~14                                  ; Stuck at GND due to stuck port clock_enable ;
; RF~15                                  ; Stuck at GND due to stuck port clock_enable ;
; RF~16                                  ; Stuck at GND due to stuck port clock_enable ;
; RF~17                                  ; Stuck at GND due to stuck port clock_enable ;
; RF~18                                  ; Stuck at GND due to stuck port clock_enable ;
; RF~19                                  ; Stuck at GND due to stuck port clock_enable ;
; RF~20                                  ; Stuck at GND due to stuck port clock_enable ;
; RF~21                                  ; Stuck at GND due to stuck port clock_enable ;
; RF~22                                  ; Stuck at GND due to stuck port clock_enable ;
; RF~23                                  ; Stuck at GND due to stuck port clock_enable ;
; RF~24                                  ; Stuck at GND due to stuck port clock_enable ;
; RF~25                                  ; Stuck at GND due to stuck port clock_enable ;
; RF~26                                  ; Stuck at GND due to stuck port clock_enable ;
; RF~27                                  ; Stuck at GND due to stuck port clock_enable ;
; RF~28                                  ; Stuck at GND due to stuck port clock_enable ;
; RF~29                                  ; Stuck at GND due to stuck port clock_enable ;
; RF~30                                  ; Stuck at GND due to stuck port clock_enable ;
; RF~31                                  ; Stuck at GND due to stuck port clock_enable ;
; Total Number of Removed Registers = 32 ;                                             ;
+----------------------------------------+---------------------------------------------+


+------------------------------------------------------+
; General Register Statistics                          ;
+----------------------------------------------+-------+
; Statistic                                    ; Value ;
+----------------------------------------------+-------+
; Total registers                              ; 992   ;
; Number of registers using Synchronous Clear  ; 0     ;
; Number of registers using Synchronous Load   ; 0     ;
; Number of registers using Asynchronous Clear ; 0     ;
; Number of registers using Asynchronous Load  ; 0     ;
; Number of registers using Clock Enable       ; 992   ;
; Number of registers using Preset             ; 0     ;
+----------------------------------------------+-------+


+-----------------------------------------------------+
; Post-Synthesis Netlist Statistics for Top Partition ;
+-----------------------+-----------------------------+
; Type                  ; Count                       ;
+-----------------------+-----------------------------+
; arriav_ff             ; 992                         ;
;     ENA               ; 992                         ;
; arriav_lcell_comb     ; 607                         ;
;     extend            ; 448                         ;
;         7 data inputs ; 448                         ;
;     normal            ; 159                         ;
;         6 data inputs ; 159                         ;
; boundary_port         ; 113                         ;
;                       ;                             ;
; Max LUT depth         ; 3.00                        ;
; Average LUT depth     ; 2.58                        ;
+-----------------------+-----------------------------+


+-------------------------------+
; Elapsed Time Per Partition    ;
+----------------+--------------+
; Partition Name ; Elapsed Time ;
+----------------+--------------+
; Top            ; 00:00:00     ;
+----------------+--------------+


+-------------------------------+
; Analysis & Synthesis Messages ;
+-------------------------------+
Info: *******************************************************************
Info: Running Quartus Prime Analysis & Synthesis
    Info: Version 20.1.1 Build 720 11/11/2020 SJ Standard Edition
    Info: Processing started: Fri Mar 14 10:18:23 2025
Info: Command: quartus_map --read_settings_files=on --write_settings_files=off Processor -c Processor
Warning (18236): Number of processors has not been specified which may cause overloading on shared machines.  Set the global assignment NUM_PARALLEL_PROCESSORS in your QSF to an appropriate value for best performance.
Info (20030): Parallel compilation is enabled and will use 4 of the 4 processors detected
Info (12021): Found 1 design units, including 1 entities, in source file registerfile.v
    Info (12023): Found entity 1: Processor File: C:/Users/domondi1/OneDrive - Brown University/Desktop/Single-Cycle-Processor/registerFile.v Line: 4
Info (12021): Found 1 design units, including 1 entities, in source file alu.v
    Info (12023): Found entity 1: ALU File: C:/Users/domondi1/OneDrive - Brown University/Desktop/Single-Cycle-Processor/ALU.v Line: 2
Info (12021): Found 1 design units, including 1 entities, in source file datamemory.v
    Info (12023): Found entity 1: dataMemory File: C:/Users/domondi1/OneDrive - Brown University/Desktop/Single-Cycle-Processor/dataMemory.v Line: 3
Info (12021): Found 1 design units, including 1 entities, in source file instructionmemory.v
    Info (12023): Found entity 1: instructionMemory File: C:/Users/domondi1/OneDrive - Brown University/Desktop/Single-Cycle-Processor/instructionMemory.v Line: 1
Info (12021): Found 1 design units, including 1 entities, in source file rom.v
    Info (12023): Found entity 1: ROM File: C:/Users/domondi1/OneDrive - Brown University/Desktop/Single-Cycle-Processor/ROM.v Line: 40
Info (12021): Found 1 design units, including 1 entities, in source file datapath.v
    Info (12023): Found entity 1: datapath File: C:/Users/domondi1/OneDrive - Brown University/Desktop/Single-Cycle-Processor/datapath.v Line: 1
Info (12021): Found 1 design units, including 1 entities, in source file immediategenerator.v
    Info (12023): Found entity 1: immediateGenerator File: C:/Users/domondi1/OneDrive - Brown University/Desktop/Single-Cycle-Processor/immediateGenerator.v Line: 1
Info (12021): Found 1 design units, including 1 entities, in source file controlunit.v
    Info (12023): Found entity 1: controlUnit File: C:/Users/domondi1/OneDrive - Brown University/Desktop/Single-Cycle-Processor/controlUnit.v Line: 1
Info (12021): Found 1 design units, including 1 entities, in source file instructionfetchunit.v
    Info (12023): Found entity 1: instructionFetchUnit File: C:/Users/domondi1/OneDrive - Brown University/Desktop/Single-Cycle-Processor/instructionFetchUnit.v Line: 1
Warning (10236): Verilog HDL Implicit Net warning at datapath.v(44): created implicit net for "regDataWriteSrc" File: C:/Users/domondi1/OneDrive - Brown University/Desktop/Single-Cycle-Processor/datapath.v Line: 44
Info (12127): Elaborating entity "Processor" for the top level hierarchy
Info (276014): Found 1 instances of uninferred RAM logic
    Info (276007): RAM logic "RF" is uninferred due to asynchronous read logic File: C:/Users/domondi1/OneDrive - Brown University/Desktop/Single-Cycle-Processor/registerFile.v Line: 12
Warning (127007): Memory Initialization File or Hexadecimal (Intel-Format) File "C:/Users/domondi1/OneDrive - Brown University/Desktop/Single-Cycle-Processor/db/Processor.ram0_Processor_f67faa99.hdl.mif" contains "don't care" values -- overwriting them with 0s
Info (286030): Timing-Driven Synthesis is running
Info (16010): Generating hard_block partition "hard_block:auto_generated_inst"
    Info (16011): Adding 0 node(s), including 0 DDIO, 0 PLL, 0 transceiver and 0 LCELL
Info (21057): Implemented 1712 device resources after synthesis - the final resource count might be different
    Info (21058): Implemented 49 input pins
    Info (21059): Implemented 64 output pins
    Info (21061): Implemented 1599 logic cells
Info: Quartus Prime Analysis & Synthesis was successful. 0 errors, 3 warnings
    Info: Peak virtual memory: 4827 megabytes
    Info: Processing ended: Fri Mar 14 10:18:32 2025
    Info: Elapsed time: 00:00:09
    Info: Total CPU time (on all processors): 00:00:15


